  源.cpp
C:\Users\lenovo\Desktop\七彩通天蟒\源.cpp(188,17): warning C4305: “=”: 从“double”到“float”截断
C:\Users\lenovo\Desktop\七彩通天蟒\源.cpp(326,37): warning C4305: “+=”: 从“double”到“float”截断
C:\Users\lenovo\Desktop\七彩通天蟒\源.cpp(327,42): warning C4305: “-=”: 从“double”到“float”截断
C:\Users\lenovo\Desktop\七彩通天蟒\源.cpp(343,37): warning C4305: “-=”: 从“double”到“float”截断
C:\Users\lenovo\Desktop\七彩通天蟒\源.cpp(344,42): warning C4305: “+=”: 从“double”到“float”截断
C:\Users\lenovo\Desktop\七彩通天蟒\源.cpp(367,14): warning C4244: “=”: 从“float”转换到“int”，可能丢失数据
C:\Users\lenovo\Desktop\七彩通天蟒\源.cpp(368,14): warning C4244: “=”: 从“float”转换到“int”，可能丢失数据
C:\Users\lenovo\Desktop\七彩通天蟒\源.cpp(498,19): warning C4244: “参数”: 从“float”转换到“int”，可能丢失数据
C:\Users\lenovo\Desktop\七彩通天蟒\源.cpp(498,13): warning C4244: “参数”: 从“float”转换到“int”，可能丢失数据
C:\Users\lenovo\Desktop\七彩通天蟒\源.cpp(499,19): warning C4244: “参数”: 从“float”转换到“int”，可能丢失数据
C:\Users\lenovo\Desktop\七彩通天蟒\源.cpp(499,13): warning C4244: “参数”: 从“float”转换到“int”，可能丢失数据
C:\Users\lenovo\Desktop\七彩通天蟒\源.cpp(666,19): warning C4305: “=”: 从“double”到“float”截断
C:\Users\lenovo\Desktop\七彩通天蟒\源.cpp(723,17): warning C4244: “=”: 从“int”转换到“float”，可能丢失数据
C:\Users\lenovo\Desktop\七彩通天蟒\源.cpp(724,17): warning C4244: “=”: 从“int”转换到“float”，可能丢失数据
C:\Users\lenovo\Desktop\七彩通天蟒\源.cpp(846,17): warning C4244: “=”: 从“double”转换到“float”，可能丢失数据
C:\Users\lenovo\Desktop\七彩通天蟒\源.cpp(1083,1): warning C4996: 'fscanf': This function or variable may be unsafe. Consider using fscanf_s instead. To disable deprecation, use _CRT_SECURE_NO_WARNINGS. See online help for details.
C:\Program Files (x86)\Windows Kits\10\Include\10.0.18362.0\ucrt\stdio.h(1197): message : 参见“fscanf”的声明
C:\Users\lenovo\Desktop\七彩通天蟒\源.cpp(1086,1): warning C4996: 'fscanf': This function or variable may be unsafe. Consider using fscanf_s instead. To disable deprecation, use _CRT_SECURE_NO_WARNINGS. See online help for details.
C:\Program Files (x86)\Windows Kits\10\Include\10.0.18362.0\ucrt\stdio.h(1197): message : 参见“fscanf”的声明
C:\Users\lenovo\Desktop\七彩通天蟒\源.cpp(1090,1): warning C4996: 'fscanf': This function or variable may be unsafe. Consider using fscanf_s instead. To disable deprecation, use _CRT_SECURE_NO_WARNINGS. See online help for details.
C:\Program Files (x86)\Windows Kits\10\Include\10.0.18362.0\ucrt\stdio.h(1197): message : 参见“fscanf”的声明
C:\Users\lenovo\Desktop\七彩通天蟒\源.cpp(1094,1): warning C4996: 'fscanf': This function or variable may be unsafe. Consider using fscanf_s instead. To disable deprecation, use _CRT_SECURE_NO_WARNINGS. See online help for details.
C:\Program Files (x86)\Windows Kits\10\Include\10.0.18362.0\ucrt\stdio.h(1197): message : 参见“fscanf”的声明
C:\Users\lenovo\Desktop\七彩通天蟒\源.cpp(1100,1): warning C4996: 'fscanf': This function or variable may be unsafe. Consider using fscanf_s instead. To disable deprecation, use _CRT_SECURE_NO_WARNINGS. See online help for details.
C:\Program Files (x86)\Windows Kits\10\Include\10.0.18362.0\ucrt\stdio.h(1197): message : 参见“fscanf”的声明
C:\Users\lenovo\Desktop\七彩通天蟒\源.cpp(1134,1): warning C4996: 'fscanf': This function or variable may be unsafe. Consider using fscanf_s instead. To disable deprecation, use _CRT_SECURE_NO_WARNINGS. See online help for details.
C:\Program Files (x86)\Windows Kits\10\Include\10.0.18362.0\ucrt\stdio.h(1197): message : 参见“fscanf”的声明
  贪吃蛇.vcxproj -> C:\Users\lenovo\Desktop\七彩通天蟒\Debug\贪吃蛇.exe
